2015-06-22 15:38:12 - PHP Notice:  Undefined variable: text_sale in D:\wamp\www\opencart-2-0\theme497\catalog\view\theme\theme497\template\module\featured.tpl on line 66
2015-06-22 15:38:12 - PHP Notice:  Undefined variable: text_sale in D:\wamp\www\opencart-2-0\theme497\catalog\view\theme\theme497\template\module\featured.tpl on line 66
2015-06-22 15:38:12 - PHP Notice:  Undefined variable: text_sale in D:\wamp\www\opencart-2-0\theme497\catalog\view\theme\theme497\template\module\featured.tpl on line 66
2015-06-22 15:38:12 - PHP Notice:  Undefined variable: text_sale in D:\wamp\www\opencart-2-0\theme497\catalog\view\theme\theme497\template\module\special.tpl on line 67
2015-06-22 15:38:12 - PHP Notice:  Undefined variable: text_sale in D:\wamp\www\opencart-2-0\theme497\catalog\view\theme\theme497\template\module\special.tpl on line 67
2015-06-22 15:38:12 - PHP Notice:  Undefined variable: text_sale in D:\wamp\www\opencart-2-0\theme497\catalog\view\theme\theme497\template\module\special.tpl on line 67
2015-06-22 15:38:12 - PHP Notice:  Undefined variable: text_sale in D:\wamp\www\opencart-2-0\theme497\catalog\view\theme\theme497\template\module\special.tpl on line 67
2015-06-22 15:38:13 - PHP Notice:  Undefined variable: text_sale in D:\wamp\www\opencart-2-0\theme497\catalog\view\theme\theme497\template\module\featured.tpl on line 66
2015-06-22 15:38:13 - PHP Notice:  Undefined variable: text_sale in D:\wamp\www\opencart-2-0\theme497\catalog\view\theme\theme497\template\module\featured.tpl on line 66
2015-06-22 15:38:13 - PHP Notice:  Undefined variable: text_sale in D:\wamp\www\opencart-2-0\theme497\catalog\view\theme\theme497\template\module\featured.tpl on line 66
2015-06-22 15:38:13 - PHP Notice:  Undefined variable: text_sale in D:\wamp\www\opencart-2-0\theme497\catalog\view\theme\theme497\template\module\special.tpl on line 67
2015-06-22 15:38:13 - PHP Notice:  Undefined variable: text_sale in D:\wamp\www\opencart-2-0\theme497\catalog\view\theme\theme497\template\module\special.tpl on line 67
2015-06-22 15:38:13 - PHP Notice:  Undefined variable: text_sale in D:\wamp\www\opencart-2-0\theme497\catalog\view\theme\theme497\template\module\special.tpl on line 67
2015-06-22 15:38:13 - PHP Notice:  Undefined variable: text_sale in D:\wamp\www\opencart-2-0\theme497\catalog\view\theme\theme497\template\module\special.tpl on line 67
2015-07-12 19:02:44 - PHP Warning:  Invalid argument supplied for foreach() in D:\studied\TemplateMonster\USBWebserver v8.6\USBWebserver v8.6\root\work\iren.26369.sega.opencart\26369\theme587((full))\admin\controller\module\tm_module_tab.php on line 128
2015-07-19 11:13:52 - PHP Warning:  Invalid argument supplied for foreach() in D:\studied\TemplateMonster\USBWebserver v8.6\USBWebserver v8.6\root\work\iren.26369.sega.opencart\26369\theme587((full))\admin\controller\module\tm_module_tab.php on line 128
2015-07-19 11:15:28 - PHP Warning:  Invalid argument supplied for foreach() in D:\studied\TemplateMonster\USBWebserver v8.6\USBWebserver v8.6\root\work\iren.26369.sega.opencart\26369\theme587((full))\admin\controller\module\tm_module_tab.php on line 128
2015-07-19 12:54:29 - PHP Notice:  Undefined variable: text_shopping_cart in D:\studied\TemplateMonster\USBWebserver v8.6\USBWebserver v8.6\root\work\iren.26369.sega.opencart\26369\theme587((full))\catalog\view\theme\theme587\template\common\cart.tpl on line 5
2015-07-19 12:54:30 - PHP Notice:  Undefined variable: text_shopping_cart in D:\studied\TemplateMonster\USBWebserver v8.6\USBWebserver v8.6\root\work\iren.26369.sega.opencart\26369\theme587((full))\catalog\view\theme\theme587\template\common\cart.tpl on line 5
2015-07-19 12:56:24 - PHP Notice:  Undefined variable: text_shopping_cart in D:\studied\TemplateMonster\USBWebserver v8.6\USBWebserver v8.6\root\work\iren.26369.sega.opencart\26369\theme587((full))\catalog\view\theme\theme587\template\common\cart.tpl on line 5
2015-07-19 12:56:24 - PHP Notice:  Undefined variable: text_shopping_cart in D:\studied\TemplateMonster\USBWebserver v8.6\USBWebserver v8.6\root\work\iren.26369.sega.opencart\26369\theme587((full))\catalog\view\theme\theme587\template\common\cart.tpl on line 5
2015-07-19 12:56:56 - PHP Notice:  Undefined variable: text_shopping_cart in D:\studied\TemplateMonster\USBWebserver v8.6\USBWebserver v8.6\root\work\iren.26369.sega.opencart\26369\theme587((full))\catalog\view\theme\theme587\template\common\cart.tpl on line 5
2015-07-19 12:56:57 - PHP Notice:  Undefined variable: text_shopping_cart in D:\studied\TemplateMonster\USBWebserver v8.6\USBWebserver v8.6\root\work\iren.26369.sega.opencart\26369\theme587((full))\catalog\view\theme\theme587\template\common\cart.tpl on line 5
2015-07-19 13:00:05 - PHP Notice:  Undefined variable: text_shopping_cart in D:\studied\TemplateMonster\USBWebserver v8.6\USBWebserver v8.6\root\work\iren.26369.sega.opencart\26369\theme587((full))\catalog\view\theme\theme587\template\common\cart.tpl on line 5
2015-07-19 13:00:06 - PHP Notice:  Undefined variable: text_shopping_cart in D:\studied\TemplateMonster\USBWebserver v8.6\USBWebserver v8.6\root\work\iren.26369.sega.opencart\26369\theme587((full))\catalog\view\theme\theme587\template\common\cart.tpl on line 5
2015-07-19 13:00:41 - PHP Notice:  Undefined variable: text_shopping_cart in D:\studied\TemplateMonster\USBWebserver v8.6\USBWebserver v8.6\root\work\iren.26369.sega.opencart\26369\theme587((full))\catalog\view\theme\theme587\template\common\cart.tpl on line 5
2015-07-19 13:00:42 - PHP Notice:  Undefined variable: text_shopping_cart in D:\studied\TemplateMonster\USBWebserver v8.6\USBWebserver v8.6\root\work\iren.26369.sega.opencart\26369\theme587((full))\catalog\view\theme\theme587\template\common\cart.tpl on line 5
2015-07-19 13:00:45 - PHP Notice:  Undefined variable: text_shopping_cart in D:\studied\TemplateMonster\USBWebserver v8.6\USBWebserver v8.6\root\work\iren.26369.sega.opencart\26369\theme587((full))\catalog\view\theme\theme587\template\common\cart.tpl on line 5
2015-07-19 13:00:45 - PHP Notice:  Undefined variable: text_shopping_cart in D:\studied\TemplateMonster\USBWebserver v8.6\USBWebserver v8.6\root\work\iren.26369.sega.opencart\26369\theme587((full))\catalog\view\theme\theme587\template\common\cart.tpl on line 5
2015-07-19 13:00:56 - PHP Notice:  Undefined variable: text_shopping_cart in D:\studied\TemplateMonster\USBWebserver v8.6\USBWebserver v8.6\root\work\iren.26369.sega.opencart\26369\theme587((full))\catalog\view\theme\theme587\template\common\cart.tpl on line 5
2015-07-19 13:00:57 - PHP Notice:  Undefined variable: text_shopping_cart in D:\studied\TemplateMonster\USBWebserver v8.6\USBWebserver v8.6\root\work\iren.26369.sega.opencart\26369\theme587((full))\catalog\view\theme\theme587\template\common\cart.tpl on line 5
2015-07-19 13:01:00 - PHP Notice:  Undefined variable: text_shopping_cart in D:\studied\TemplateMonster\USBWebserver v8.6\USBWebserver v8.6\root\work\iren.26369.sega.opencart\26369\theme587((full))\catalog\view\theme\theme587\template\common\cart.tpl on line 5
2015-07-19 13:01:00 - PHP Notice:  Undefined variable: text_shopping_cart in D:\studied\TemplateMonster\USBWebserver v8.6\USBWebserver v8.6\root\work\iren.26369.sega.opencart\26369\theme587((full))\catalog\view\theme\theme587\template\common\cart.tpl on line 5
2015-07-19 13:12:21 - PHP Notice:  Undefined variable: text_shopping_cart in D:\studied\TemplateMonster\USBWebserver v8.6\USBWebserver v8.6\root\work\iren.26369.sega.opencart\26369\theme587((full))\catalog\view\theme\theme587\template\common\cart.tpl on line 5
2015-07-19 13:12:22 - PHP Notice:  Undefined variable: text_shopping_cart in D:\studied\TemplateMonster\USBWebserver v8.6\USBWebserver v8.6\root\work\iren.26369.sega.opencart\26369\theme587((full))\catalog\view\theme\theme587\template\common\cart.tpl on line 5
2015-07-19 13:12:32 - PHP Notice:  Undefined variable: text_shopping_cart in D:\studied\TemplateMonster\USBWebserver v8.6\USBWebserver v8.6\root\work\iren.26369.sega.opencart\26369\theme587((full))\catalog\view\theme\theme587\template\common\cart.tpl on line 5
2015-07-19 13:12:33 - PHP Notice:  Undefined variable: text_shopping_cart in D:\studied\TemplateMonster\USBWebserver v8.6\USBWebserver v8.6\root\work\iren.26369.sega.opencart\26369\theme587((full))\catalog\view\theme\theme587\template\common\cart.tpl on line 5
2015-07-20 9:42:46 - PHP Notice:  Undefined variable: text_shopping_cart in D:\wamp\www\work\openCart\iren.26369.sega.opencart\26369\theme587((full))\catalog\view\theme\theme587\template\common\cart.tpl on line 5
2015-07-20 9:42:47 - PHP Notice:  Undefined variable: text_shopping_cart in D:\wamp\www\work\openCart\iren.26369.sega.opencart\26369\theme587((full))\catalog\view\theme\theme587\template\common\cart.tpl on line 5
2015-07-20 18:27:07 - PHP Warning:  mail(): Failed to connect to mailserver at &quot;localhost&quot; port 25, verify your &quot;SMTP&quot; and &quot;smtp_port&quot; setting in php.ini or use ini_set() in D:\wamp\www\work\openCart\iren.26369.sega.opencart\26369\theme587((full))\system\library\mail.php on line 164
2015-07-20 18:27:48 - PHP Warning:  mail(): Failed to connect to mailserver at &quot;localhost&quot; port 25, verify your &quot;SMTP&quot; and &quot;smtp_port&quot; setting in php.ini or use ini_set() in D:\wamp\www\work\openCart\iren.26369.sega.opencart\26369\theme587((full))\system\library\mail.php on line 164
2015-07-21 8:54:32 - PHP Warning:  mysqli::query(): (21000/1242): Subquery returns more than 1 row in D:\wamp\www\work\openCart\iren.26369.sega.opencart\26369\theme587((full))\system\library\db\mysqli.php on line 18
2015-07-21 8:54:32 - PHP Notice:  Error: Subquery returns more than 1 row<br />Error No: 1242<br />SELECT DISTINCT *, (SELECT GROUP_CONCAT(cd1.name ORDER BY level SEPARATOR '&nbsp;&nbsp;&gt;&nbsp;&nbsp;') FROM oc_category_path cp LEFT JOIN oc_category_description cd1 ON (cp.path_id = cd1.category_id AND cp.category_id != cp.path_id) WHERE cp.category_id = c.category_id AND cd1.language_id = '1' GROUP BY cp.category_id) AS path, (SELECT DISTINCT keyword FROM oc_url_alias WHERE query = 'category_id=37') AS keyword FROM oc_category c LEFT JOIN oc_category_description cd2 ON (c.category_id = cd2.category_id) WHERE c.category_id = '37' AND cd2.language_id = '1' in D:\wamp\www\work\openCart\iren.26369.sega.opencart\26369\theme587((full))\system\library\db\mysqli.php on line 40
2015-07-21 8:54:32 - PHP Notice:  Trying to get property of non-object in D:\wamp\www\work\openCart\iren.26369.sega.opencart\26369\theme587((full))\admin\model\catalog\category.php on line 213
2015-07-21 9:02:49 - PHP Warning:  mysqli::query(): (21000/1242): Subquery returns more than 1 row in D:\wamp\www\work\openCart\iren.26369.sega.opencart\26369\theme587((full))\system\library\db\mysqli.php on line 18
2015-07-21 9:02:49 - PHP Notice:  Error: Subquery returns more than 1 row<br />Error No: 1242<br />SELECT DISTINCT *, (SELECT GROUP_CONCAT(cd1.name ORDER BY level SEPARATOR '&nbsp;&nbsp;&gt;&nbsp;&nbsp;') FROM oc_category_path cp LEFT JOIN oc_category_description cd1 ON (cp.path_id = cd1.category_id AND cp.category_id != cp.path_id) WHERE cp.category_id = c.category_id AND cd1.language_id = '1' GROUP BY cp.category_id) AS path, (SELECT DISTINCT keyword FROM oc_url_alias WHERE query = 'category_id=40') AS keyword FROM oc_category c LEFT JOIN oc_category_description cd2 ON (c.category_id = cd2.category_id) WHERE c.category_id = '40' AND cd2.language_id = '1' in D:\wamp\www\work\openCart\iren.26369.sega.opencart\26369\theme587((full))\system\library\db\mysqli.php on line 40
2015-07-21 9:02:49 - PHP Notice:  Trying to get property of non-object in D:\wamp\www\work\openCart\iren.26369.sega.opencart\26369\theme587((full))\admin\model\catalog\category.php on line 213
2015-07-21 9:04:27 - PHP Warning:  mysqli::query(): (21000/1242): Subquery returns more than 1 row in D:\wamp\www\work\openCart\iren.26369.sega.opencart\26369\theme587((full))\system\library\db\mysqli.php on line 18
2015-07-21 9:04:27 - PHP Notice:  Error: Subquery returns more than 1 row<br />Error No: 1242<br />SELECT DISTINCT *, (SELECT GROUP_CONCAT(cd1.name ORDER BY level SEPARATOR '&nbsp;&nbsp;&gt;&nbsp;&nbsp;') FROM oc_category_path cp LEFT JOIN oc_category_description cd1 ON (cp.path_id = cd1.category_id AND cp.category_id != cp.path_id) WHERE cp.category_id = c.category_id AND cd1.language_id = '1' GROUP BY cp.category_id) AS path, (SELECT DISTINCT keyword FROM oc_url_alias WHERE query = 'category_id=41') AS keyword FROM oc_category c LEFT JOIN oc_category_description cd2 ON (c.category_id = cd2.category_id) WHERE c.category_id = '41' AND cd2.language_id = '1' in D:\wamp\www\work\openCart\iren.26369.sega.opencart\26369\theme587((full))\system\library\db\mysqli.php on line 40
2015-07-21 9:04:27 - PHP Notice:  Trying to get property of non-object in D:\wamp\www\work\openCart\iren.26369.sega.opencart\26369\theme587((full))\admin\model\catalog\category.php on line 213
